2025-11-24 01:35:41,678 - __main__ - INFO - 加载配置文件...
2025-11-24 01:35:41,679 - src.crawler.scheduler - INFO - ============================================================
2025-11-24 01:35:41,679 - src.crawler.scheduler - INFO - 开始爬取 vivo 手表文档
2025-11-24 01:35:41,679 - src.crawler.scheduler - INFO - ============================================================
2025-11-24 01:35:41,679 - src.crawler.browser_engine - INFO - 启动浏览器...
2025-11-24 01:35:44,870 - src.crawler.browser_engine - INFO - 浏览器启动成功
2025-11-24 01:35:44,871 - src.crawler.storage - INFO - 加载已爬取 URL: 0 个
2025-11-24 01:35:44,871 - src.crawler.scheduler - INFO - 
============================================================
2025-11-24 01:35:44,871 - src.crawler.scheduler - INFO - 阶段一：提取导航结构
2025-11-24 01:35:44,871 - src.crawler.scheduler - INFO - ============================================================
2025-11-24 01:35:44,871 - src.crawler.scheduler - INFO - 
处理入口: https://developers.vivo.com/product/blueos/doc/common/reference/quickstart/introduction
2025-11-24 01:35:44,978 - src.crawler.browser_engine - INFO - 加载页面: https://developers.vivo.com/product/blueos/doc/common/reference/quickstart/introduction
2025-11-24 01:35:50,382 - src.crawler.browser_engine - INFO - 页面加载成功: https://developers.vivo.com/product/blueos/doc/common/reference/quickstart/introduction
2025-11-24 01:36:25,426 - src.crawler.extractors - WARNING - 未找到侧边栏元素
2025-11-24 01:36:25,427 - src.crawler.scheduler - INFO - 从入口提取到 0 个链接
2025-11-24 01:36:26,962 - src.crawler.scheduler - INFO - 
处理入口: https://developers.vivo.com/product/blueos/doc/common/js/system/app
2025-11-24 01:36:27,039 - src.crawler.browser_engine - INFO - 加载页面: https://developers.vivo.com/product/blueos/doc/common/js/system/app
2025-11-24 01:36:32,060 - src.crawler.browser_engine - INFO - 页面加载成功: https://developers.vivo.com/product/blueos/doc/common/js/system/app
2025-11-24 01:37:07,105 - src.crawler.extractors - WARNING - 未找到侧边栏元素
2025-11-24 01:37:07,106 - src.crawler.scheduler - INFO - 从入口提取到 0 个链接
2025-11-24 01:37:09,459 - src.crawler.scheduler - INFO - 
处理入口: https://developers.vivo.com/product/blueos/doc/common/component/common/rule
2025-11-24 01:37:09,519 - src.crawler.browser_engine - INFO - 加载页面: https://developers.vivo.com/product/blueos/doc/common/component/common/rule
2025-11-24 01:37:15,023 - src.crawler.browser_engine - INFO - 页面加载成功: https://developers.vivo.com/product/blueos/doc/common/component/common/rule
2025-11-24 01:37:50,084 - src.crawler.extractors - WARNING - 未找到侧边栏元素
2025-11-24 01:37:50,084 - src.crawler.scheduler - INFO - 从入口提取到 0 个链接
2025-11-24 01:37:51,882 - src.crawler.scheduler - INFO - 
总共发现 0 个唯一链接
2025-11-24 01:37:51,883 - src.crawler.storage - INFO - 保存导航结构: site-structure.json
2025-11-24 01:37:51,883 - src.crawler.scheduler - INFO - 
============================================================
2025-11-24 01:37:51,883 - src.crawler.scheduler - INFO - 阶段二：爬取所有页面
2025-11-24 01:37:51,884 - src.crawler.scheduler - INFO - ============================================================
2025-11-24 01:37:51,884 - src.crawler.scheduler - INFO - 待爬取页面数: 3

2025-11-24 01:37:51,884 - src.crawler.scheduler - INFO - 爬取: https://developers.vivo.com/product/blueos/doc/common/reference/quickstart/introduction
2025-11-24 01:37:51,968 - src.crawler.browser_engine - INFO - 加载页面: https://developers.vivo.com/product/blueos/doc/common/reference/quickstart/introduction
2025-11-24 01:37:57,066 - src.crawler.browser_engine - INFO - 页面加载成功: https://developers.vivo.com/product/blueos/doc/common/reference/quickstart/introduction
2025-11-24 01:37:57,090 - src.crawler.storage - INFO - 保存页面数据: https://developers.vivo.com/product/blueos/doc/common/reference/quickstart/introduction -> tutorial.jsonl
2025-11-24 01:37:57,090 - src.crawler.scheduler - INFO - ✓ 成功: 蓝河文档 - 教程 - vivo开放平台 开发者
2025-11-24 01:37:58,166 - src.crawler.scheduler - INFO - 爬取: https://developers.vivo.com/product/blueos/doc/common/js/system/app
2025-11-24 01:37:58,241 - src.crawler.browser_engine - INFO - 加载页面: https://developers.vivo.com/product/blueos/doc/common/js/system/app
2025-11-24 01:38:03,525 - src.crawler.browser_engine - INFO - 页面加载成功: https://developers.vivo.com/product/blueos/doc/common/js/system/app
2025-11-24 01:38:03,551 - src.crawler.storage - INFO - 保存页面数据: https://developers.vivo.com/product/blueos/doc/common/js/system/app -> js-api.jsonl
2025-11-24 01:38:03,551 - src.crawler.scheduler - INFO - ✓ 成功: 蓝河文档 - JS API - vivo开放平台 开发者
2025-11-24 01:38:06,237 - src.crawler.scheduler - INFO - 爬取: https://developers.vivo.com/product/blueos/doc/common/component/common/rule
2025-11-24 01:38:06,307 - src.crawler.browser_engine - INFO - 加载页面: https://developers.vivo.com/product/blueos/doc/common/component/common/rule
2025-11-24 01:38:11,713 - src.crawler.browser_engine - INFO - 页面加载成功: https://developers.vivo.com/product/blueos/doc/common/component/common/rule
2025-11-24 01:38:11,731 - src.crawler.storage - INFO - 保存页面数据: https://developers.vivo.com/product/blueos/doc/common/component/common/rule -> ui-component.jsonl
2025-11-24 01:38:11,732 - src.crawler.scheduler - INFO - ✓ 成功: 蓝河文档 - UI组件 - vivo开放平台 开发者
2025-11-24 01:38:13,214 - src.crawler.storage - INFO - 保存统计信息
2025-11-24 01:38:13,215 - src.crawler.scheduler - INFO - 
============================================================
2025-11-24 01:38:13,215 - src.crawler.scheduler - INFO - 爬取完成
2025-11-24 01:38:13,215 - src.crawler.scheduler - INFO - ============================================================
2025-11-24 01:38:13,215 - src.crawler.scheduler - INFO - 总页面数: 3
2025-11-24 01:38:13,215 - src.crawler.scheduler - INFO - 成功: 3
2025-11-24 01:38:13,215 - src.crawler.scheduler - INFO - 失败: 0
2025-11-24 01:38:13,216 - src.crawler.scheduler - INFO - 跳过: 0
2025-11-24 01:38:13,216 - src.crawler.scheduler - INFO - 成功率: 100.0%
2025-11-24 01:38:13,216 - src.crawler.scheduler - INFO - ============================================================
2025-11-24 01:38:13,216 - src.crawler.browser_engine - INFO - 关闭浏览器...
2025-11-24 01:38:13,273 - src.crawler.browser_engine - INFO - 浏览器已关闭
2025-11-24 01:38:13,273 - __main__ - INFO - 
所有任务完成!
2025-11-24 01:39:33,482 - __main__ - INFO - 加载配置文件...
2025-11-24 01:39:33,483 - src.crawler.scheduler - INFO - ============================================================
2025-11-24 01:39:33,483 - src.crawler.scheduler - INFO - 开始爬取 vivo 手表文档
2025-11-24 01:39:33,483 - src.crawler.scheduler - INFO - ============================================================
2025-11-24 01:39:33,483 - src.crawler.browser_engine - INFO - 启动浏览器...
2025-11-24 01:39:34,154 - src.crawler.browser_engine - INFO - 浏览器启动成功
2025-11-24 01:39:34,155 - src.crawler.storage - INFO - 加载已爬取 URL: 3 个
2025-11-24 01:39:34,155 - src.crawler.scheduler - INFO - 
============================================================
2025-11-24 01:39:34,155 - src.crawler.scheduler - INFO - 阶段一：提取导航结构
2025-11-24 01:39:34,155 - src.crawler.scheduler - INFO - ============================================================
2025-11-24 01:39:34,155 - src.crawler.scheduler - INFO - 
处理入口: https://developers.vivo.com/product/blueos/doc/common/reference/quickstart/introduction
2025-11-24 01:39:34,334 - src.crawler.browser_engine - INFO - 加载页面: https://developers.vivo.com/product/blueos/doc/common/reference/quickstart/introduction
2025-11-24 01:39:40,848 - src.crawler.browser_engine - INFO - 页面加载成功: https://developers.vivo.com/product/blueos/doc/common/reference/quickstart/introduction
2025-11-24 01:40:25,910 - src.crawler.extractors - WARNING - 未找到侧边栏元素
2025-11-24 01:40:25,911 - src.crawler.scheduler - INFO - 从入口提取到 0 个链接
2025-11-24 01:40:28,505 - src.crawler.scheduler - INFO - 
处理入口: https://developers.vivo.com/product/blueos/doc/common/js/system/app
2025-11-24 01:40:28,560 - src.crawler.browser_engine - INFO - 加载页面: https://developers.vivo.com/product/blueos/doc/common/js/system/app
2025-11-24 01:40:34,066 - src.crawler.browser_engine - INFO - 页面加载成功: https://developers.vivo.com/product/blueos/doc/common/js/system/app
2025-11-24 01:41:07,334 - src.crawler.browser_engine - INFO - 关闭浏览器...
2025-11-24 01:41:07,351 - __main__ - ERROR - 
爬取过程中发生错误: BrowserContext.close: Target page, context or browser has been closed
Traceback (most recent call last):
  File "/Users/actor/Documents/learn self/python/vivo-watch-crawler/src/crawler/main.py", line 67, in main
    await scheduler.start()
  File "/Users/actor/Documents/learn self/python/vivo-watch-crawler/src/crawler/scheduler.py", line 94, in start
    await self.browser_engine.stop()
  File "/Users/actor/Documents/learn self/python/vivo-watch-crawler/src/crawler/browser_engine.py", line 70, in stop
    await self.context.close()
  File "/Users/actor/Documents/learn self/python/vivo-watch-crawler/venv/lib/python3.13/site-packages/playwright/async_api/_generated.py", line 13420, in close
    return mapping.from_maybe_impl(await self._impl_obj.close(reason=reason))
                                   ^^^^^^^^^^^^^^^^^^^^^^^^^^^^^^^^^^^^^^^^^
  File "/Users/actor/Documents/learn self/python/vivo-watch-crawler/venv/lib/python3.13/site-packages/playwright/_impl/_browser_context.py", line 601, in close
    await self._channel.send("close", {"reason": reason})
  File "/Users/actor/Documents/learn self/python/vivo-watch-crawler/venv/lib/python3.13/site-packages/playwright/_impl/_connection.py", line 59, in send
    return await self._connection.wrap_api_call(
           ^^^^^^^^^^^^^^^^^^^^^^^^^^^^^^^^^^^^^
        lambda: self.inner_send(method, params, False)
        ^^^^^^^^^^^^^^^^^^^^^^^^^^^^^^^^^^^^^^^^^^^^^^
    )
    ^
  File "/Users/actor/Documents/learn self/python/vivo-watch-crawler/venv/lib/python3.13/site-packages/playwright/_impl/_connection.py", line 520, in wrap_api_call
    raise rewrite_error(error, f"{parsed_st['apiName']}: {error}") from None
playwright._impl._errors.TargetClosedError: BrowserContext.close: Target page, context or browser has been closed
2025-11-24 01:41:07,367 - asyncio - ERROR - Future exception was never retrieved
future: <Future finished exception=TargetClosedError('Target page, context or browser has been closed\nCall log:\nwaiting for locator(".menu-sidebar")\n')>
playwright._impl._errors.TargetClosedError: Target page, context or browser has been closed
Call log:
waiting for locator(".menu-sidebar")

2025-11-24 01:41:11,762 - __main__ - INFO - 加载配置文件...
2025-11-24 01:41:11,762 - src.crawler.scheduler - INFO - ============================================================
2025-11-24 01:41:11,763 - src.crawler.scheduler - INFO - 开始爬取 vivo 手表文档
2025-11-24 01:41:11,763 - src.crawler.scheduler - INFO - ============================================================
2025-11-24 01:41:11,763 - src.crawler.browser_engine - INFO - 启动浏览器...
2025-11-24 01:41:12,154 - src.crawler.browser_engine - INFO - 浏览器启动成功
2025-11-24 01:41:12,155 - src.crawler.storage - INFO - 加载已爬取 URL: 3 个
2025-11-24 01:41:12,156 - src.crawler.scheduler - INFO - 
============================================================
2025-11-24 01:41:12,156 - src.crawler.scheduler - INFO - 阶段一：提取导航结构
2025-11-24 01:41:12,156 - src.crawler.scheduler - INFO - ============================================================
2025-11-24 01:41:12,156 - src.crawler.scheduler - INFO - 
处理入口: https://developers.vivo.com/product/blueos/doc/common/reference/quickstart/introduction
2025-11-24 01:41:12,229 - src.crawler.browser_engine - INFO - 加载页面: https://developers.vivo.com/product/blueos/doc/common/reference/quickstart/introduction
2025-11-24 01:41:17,573 - src.crawler.browser_engine - INFO - 页面加载成功: https://developers.vivo.com/product/blueos/doc/common/reference/quickstart/introduction
2025-11-24 01:42:02,625 - src.crawler.extractors - WARNING - 未找到侧边栏元素
2025-11-24 01:42:02,626 - src.crawler.scheduler - INFO - 从入口提取到 0 个链接
2025-11-24 01:42:04,070 - src.crawler.scheduler - INFO - 
处理入口: https://developers.vivo.com/product/blueos/doc/common/js/system/app
2025-11-24 01:42:04,136 - src.crawler.browser_engine - INFO - 加载页面: https://developers.vivo.com/product/blueos/doc/common/js/system/app
2025-11-24 01:42:09,030 - src.crawler.browser_engine - INFO - 页面加载成功: https://developers.vivo.com/product/blueos/doc/common/js/system/app
2025-11-24 01:42:11,994 - src.crawler.browser_engine - INFO - 关闭浏览器...
2025-11-24 01:42:12,005 - __main__ - ERROR - 
爬取过程中发生错误: BrowserContext.close: Target page, context or browser has been closed
Browser logs:

<launching> /Users/actor/Library/Caches/ms-playwright/chromium-1140/chrome-mac/Chromium.app/Contents/MacOS/Chromium --disable-field-trial-config --disable-background-networking --disable-background-timer-throttling --disable-backgrounding-occluded-windows --disable-back-forward-cache --disable-breakpad --disable-client-side-phishing-detection --disable-component-extensions-with-background-pages --disable-component-update --no-default-browser-check --disable-default-apps --disable-dev-shm-usage --disable-extensions --disable-features=ImprovedCookieControls,LazyFrameLoading,GlobalMediaControls,DestroyProfileOnBrowserClose,MediaRouter,DialMediaRouteProvider,AcceptCHFrame,AutoExpandDetailsElement,CertificateTransparencyComponentUpdater,AvoidUnnecessaryBeforeUnloadCheckSync,Translate,HttpsUpgrades,PaintHolding,ThirdPartyStoragePartitioning,LensOverlay,PlzDedicatedWorker --allow-pre-commit-input --disable-hang-monitor --disable-ipc-flooding-protection --disable-popup-blocking --disable-prompt-on-repost --disable-renderer-backgrounding --force-color-profile=srgb --metrics-recording-only --no-first-run --enable-automation --password-store=basic --use-mock-keychain --no-service-autorun --export-tagged-pdf --disable-search-engine-choice-screen --unsafely-disable-devtools-self-xss-warnings --enable-use-zoom-for-dsf=false --use-angle --headless=old --hide-scrollbars --mute-audio --blink-settings=primaryHoverType=2,availableHoverTypes=2,primaryPointerType=4,availablePointerTypes=4 --no-sandbox --disable-blink-features=AutomationControlled --disable-dev-shm-usage --no-sandbox --user-data-dir=/var/folders/tr/pnbmxj756q70t_j9zlnb3ryc0000gn/T/playwright_chromiumdev_profile-2OYjd4 --remote-debugging-pipe --no-startup-window
<launched> pid=91306
[pid=91306][err] Old Headless mode will be removed from the Chrome binary soon. Please use the new Headless mode (https://developer.chrome.com/docs/chromium/new-headless) or the chrome-headless-shell which is a standalone implementation of the old Headless mode (https://developer.chrome.com/blog/chrome-headless-shell).
[pid=91306][err] 
[pid=91306][err] [1124/014112.222647:WARNING:viz_main_impl.cc(85)] VizNullHypothesis is disabled (not a warning)
[pid=91306][err] [1124/014112.225005:ERROR:cv_display_link_mac.mm(238)] CVDisplayLinkCreateWithCGDisplay failed. CVReturn: -6670
[pid=91306][err] [1124/014112.225049:ERROR:cv_display_link_mac.mm(238)] CVDisplayLinkCreateWithCGDisplay failed. CVReturn: -6670
[pid=91306][err] [1124/014112.225085:ERROR:cv_display_link_mac.mm(238)] CVDisplayLinkCreateWithCGDisplay failed. CVReturn: -6670
[pid=91306][err] [1124/014112.228971:ERROR:gl_display.cc(497)] EGL Driver message (Error) eglQueryDeviceAttribEXT: Bad attribute.
[pid=91306][err] [1124/014112.242340:ERROR:gl_display.cc(497)] EGL Driver message (Error) eglQueryDeviceAttribEXT: Bad attribute.
[pid=91306][err] [1124/014112.605802:ERROR:gl_display.cc(497)] EGL Driver message (Error) eglQueryDeviceAttribEXT: Bad attribute.
[pid=91306][err] [1124/014112.919625:ERROR:gl_display.cc(497)] EGL Driver message (Error) eglQueryDeviceAttribEXT: Bad attribute.
[pid=91306][err] [1124/014113.430660:ERROR:gl_display.cc(497)] EGL Driver message (Error) eglQueryDeviceAttribEXT: Bad attribute.
[pid=91306][err] [1124/014113.467942:ERROR:gl_display.cc(497)] EGL Driver message (Error) eglQueryDeviceAttribEXT: Bad attribute.
[pid=91306][err] [1124/014113.478034:ERROR:gl_display.cc(497)] EGL Driver message (Error) eglQueryDeviceAttribEXT: Bad attribute.
[pid=91306][err] [1124/014113.542125:ERROR:gl_display.cc(497)] EGL Driver message (Error) eglQueryDeviceAttribEXT: Bad attribute.
[pid=91306][err] [1124/014113.853772:ERROR:gl_display.cc(497)] EGL Driver message (Error) eglQueryDeviceAttribEXT: Bad attribute.
[pid=91306][err] [1124/014114.133230:ERROR:gl_display.cc(497)] EGL Driver message (Error) eglQueryDeviceAttribEXT: Bad attribute.
[pid=91306][err] [1124/014116.197183:ERROR:gl_display.cc(497)] EGL Driver message (Error) eglQueryDeviceAttribEXT: Bad attribute.
[pid=91306][err] [1124/014204.083066:ERROR:cv_display_link_mac.mm(238)] CVDisplayLinkCreateWithCGDisplay failed. CVReturn: -6670
[pid=91306][err] [1124/014204.083196:ERROR:cv_display_link_mac.mm(238)] CVDisplayLinkCreateWithCGDisplay failed. CVReturn: -6670
[pid=91306][err] [1124/014204.083211:ERROR:cv_display_link_mac.mm(238)] CVDisplayLinkCreateWithCGDisplay failed. CVReturn: -6670
[pid=91306][err] [1124/014204.084650:ERROR:gl_display.cc(497)] EGL Driver message (Error) eglQueryDeviceAttribEXT: Bad attribute.
[pid=91306][err] [1124/014204.135574:ERROR:gl_display.cc(497)] EGL Driver message (Error) eglQueryDeviceAttribEXT: Bad attribute.
[pid=91306][err] [1124/014204.375726:ERROR:gl_display.cc(497)] EGL Driver message (Error) eglQueryDeviceAttribEXT: Bad attribute.
[pid=91306][err] [1124/014204.586969:ERROR:gl_display.cc(497)] EGL Driver message (Error) eglQueryDeviceAttribEXT: Bad attribute.
[pid=91306][err] [1124/014205.043212:ERROR:gl_display.cc(497)] EGL Driver message (Error) eglQueryDeviceAttribEXT: Bad attribute.
[pid=91306][err] [1124/014205.124509:ERROR:gl_display.cc(497)] EGL Driver message (Error) eglQueryDeviceAttribEXT: Bad attribute.
[pid=91306][err] [1124/014205.173303:ERROR:gl_display.cc(497)] EGL Driver message (Error) eglQueryDeviceAttribEXT: Bad attribute.
[pid=91306][err] [1124/014205.187880:ERROR:gl_display.cc(497)] EGL Driver message (Error) eglQueryDeviceAttribEXT: Bad attribute.
[pid=91306][err] [1124/014205.377731:ERROR:gl_display.cc(497)] EGL Driver message (Error) eglQueryDeviceAttribEXT: Bad attribute.
[pid=91306][err] [1124/014205.660899:ERROR:gl_display.cc(497)] EGL Driver message (Error) eglQueryDeviceAttribEXT: Bad attribute.
[pid=91306][err] [1124/014208.135370:ERROR:gl_display.cc(497)] EGL Driver message (Error) eglQueryDeviceAttribEXT: Bad attribute.
[pid=91306] <gracefully close start>
Traceback (most recent call last):
  File "/Users/actor/Documents/learn self/python/vivo-watch-crawler/src/crawler/main.py", line 67, in main
    await scheduler.start()
  File "/Users/actor/Documents/learn self/python/vivo-watch-crawler/src/crawler/scheduler.py", line 94, in start
    await self.browser_engine.stop()
  File "/Users/actor/Documents/learn self/python/vivo-watch-crawler/src/crawler/browser_engine.py", line 70, in stop
    await self.context.close()
  File "/Users/actor/Documents/learn self/python/vivo-watch-crawler/venv/lib/python3.13/site-packages/playwright/async_api/_generated.py", line 13420, in close
    return mapping.from_maybe_impl(await self._impl_obj.close(reason=reason))
                                   ^^^^^^^^^^^^^^^^^^^^^^^^^^^^^^^^^^^^^^^^^
  File "/Users/actor/Documents/learn self/python/vivo-watch-crawler/venv/lib/python3.13/site-packages/playwright/_impl/_browser_context.py", line 601, in close
    await self._channel.send("close", {"reason": reason})
  File "/Users/actor/Documents/learn self/python/vivo-watch-crawler/venv/lib/python3.13/site-packages/playwright/_impl/_connection.py", line 59, in send
    return await self._connection.wrap_api_call(
           ^^^^^^^^^^^^^^^^^^^^^^^^^^^^^^^^^^^^^
        lambda: self.inner_send(method, params, False)
        ^^^^^^^^^^^^^^^^^^^^^^^^^^^^^^^^^^^^^^^^^^^^^^
    )
    ^
  File "/Users/actor/Documents/learn self/python/vivo-watch-crawler/venv/lib/python3.13/site-packages/playwright/_impl/_connection.py", line 520, in wrap_api_call
    raise rewrite_error(error, f"{parsed_st['apiName']}: {error}") from None
playwright._impl._errors.TargetClosedError: BrowserContext.close: Target page, context or browser has been closed
Browser logs:

<launching> /Users/actor/Library/Caches/ms-playwright/chromium-1140/chrome-mac/Chromium.app/Contents/MacOS/Chromium --disable-field-trial-config --disable-background-networking --disable-background-timer-throttling --disable-backgrounding-occluded-windows --disable-back-forward-cache --disable-breakpad --disable-client-side-phishing-detection --disable-component-extensions-with-background-pages --disable-component-update --no-default-browser-check --disable-default-apps --disable-dev-shm-usage --disable-extensions --disable-features=ImprovedCookieControls,LazyFrameLoading,GlobalMediaControls,DestroyProfileOnBrowserClose,MediaRouter,DialMediaRouteProvider,AcceptCHFrame,AutoExpandDetailsElement,CertificateTransparencyComponentUpdater,AvoidUnnecessaryBeforeUnloadCheckSync,Translate,HttpsUpgrades,PaintHolding,ThirdPartyStoragePartitioning,LensOverlay,PlzDedicatedWorker --allow-pre-commit-input --disable-hang-monitor --disable-ipc-flooding-protection --disable-popup-blocking --disable-prompt-on-repost --disable-renderer-backgrounding --force-color-profile=srgb --metrics-recording-only --no-first-run --enable-automation --password-store=basic --use-mock-keychain --no-service-autorun --export-tagged-pdf --disable-search-engine-choice-screen --unsafely-disable-devtools-self-xss-warnings --enable-use-zoom-for-dsf=false --use-angle --headless=old --hide-scrollbars --mute-audio --blink-settings=primaryHoverType=2,availableHoverTypes=2,primaryPointerType=4,availablePointerTypes=4 --no-sandbox --disable-blink-features=AutomationControlled --disable-dev-shm-usage --no-sandbox --user-data-dir=/var/folders/tr/pnbmxj756q70t_j9zlnb3ryc0000gn/T/playwright_chromiumdev_profile-2OYjd4 --remote-debugging-pipe --no-startup-window
<launched> pid=91306
[pid=91306][err] Old Headless mode will be removed from the Chrome binary soon. Please use the new Headless mode (https://developer.chrome.com/docs/chromium/new-headless) or the chrome-headless-shell which is a standalone implementation of the old Headless mode (https://developer.chrome.com/blog/chrome-headless-shell).
[pid=91306][err] 
[pid=91306][err] [1124/014112.222647:WARNING:viz_main_impl.cc(85)] VizNullHypothesis is disabled (not a warning)
[pid=91306][err] [1124/014112.225005:ERROR:cv_display_link_mac.mm(238)] CVDisplayLinkCreateWithCGDisplay failed. CVReturn: -6670
[pid=91306][err] [1124/014112.225049:ERROR:cv_display_link_mac.mm(238)] CVDisplayLinkCreateWithCGDisplay failed. CVReturn: -6670
[pid=91306][err] [1124/014112.225085:ERROR:cv_display_link_mac.mm(238)] CVDisplayLinkCreateWithCGDisplay failed. CVReturn: -6670
[pid=91306][err] [1124/014112.228971:ERROR:gl_display.cc(497)] EGL Driver message (Error) eglQueryDeviceAttribEXT: Bad attribute.
[pid=91306][err] [1124/014112.242340:ERROR:gl_display.cc(497)] EGL Driver message (Error) eglQueryDeviceAttribEXT: Bad attribute.
[pid=91306][err] [1124/014112.605802:ERROR:gl_display.cc(497)] EGL Driver message (Error) eglQueryDeviceAttribEXT: Bad attribute.
[pid=91306][err] [1124/014112.919625:ERROR:gl_display.cc(497)] EGL Driver message (Error) eglQueryDeviceAttribEXT: Bad attribute.
[pid=91306][err] [1124/014113.430660:ERROR:gl_display.cc(497)] EGL Driver message (Error) eglQueryDeviceAttribEXT: Bad attribute.
[pid=91306][err] [1124/014113.467942:ERROR:gl_display.cc(497)] EGL Driver message (Error) eglQueryDeviceAttribEXT: Bad attribute.
[pid=91306][err] [1124/014113.478034:ERROR:gl_display.cc(497)] EGL Driver message (Error) eglQueryDeviceAttribEXT: Bad attribute.
[pid=91306][err] [1124/014113.542125:ERROR:gl_display.cc(497)] EGL Driver message (Error) eglQueryDeviceAttribEXT: Bad attribute.
[pid=91306][err] [1124/014113.853772:ERROR:gl_display.cc(497)] EGL Driver message (Error) eglQueryDeviceAttribEXT: Bad attribute.
[pid=91306][err] [1124/014114.133230:ERROR:gl_display.cc(497)] EGL Driver message (Error) eglQueryDeviceAttribEXT: Bad attribute.
[pid=91306][err] [1124/014116.197183:ERROR:gl_display.cc(497)] EGL Driver message (Error) eglQueryDeviceAttribEXT: Bad attribute.
[pid=91306][err] [1124/014204.083066:ERROR:cv_display_link_mac.mm(238)] CVDisplayLinkCreateWithCGDisplay failed. CVReturn: -6670
[pid=91306][err] [1124/014204.083196:ERROR:cv_display_link_mac.mm(238)] CVDisplayLinkCreateWithCGDisplay failed. CVReturn: -6670
[pid=91306][err] [1124/014204.083211:ERROR:cv_display_link_mac.mm(238)] CVDisplayLinkCreateWithCGDisplay failed. CVReturn: -6670
[pid=91306][err] [1124/014204.084650:ERROR:gl_display.cc(497)] EGL Driver message (Error) eglQueryDeviceAttribEXT: Bad attribute.
[pid=91306][err] [1124/014204.135574:ERROR:gl_display.cc(497)] EGL Driver message (Error) eglQueryDeviceAttribEXT: Bad attribute.
[pid=91306][err] [1124/014204.375726:ERROR:gl_display.cc(497)] EGL Driver message (Error) eglQueryDeviceAttribEXT: Bad attribute.
[pid=91306][err] [1124/014204.586969:ERROR:gl_display.cc(497)] EGL Driver message (Error) eglQueryDeviceAttribEXT: Bad attribute.
[pid=91306][err] [1124/014205.043212:ERROR:gl_display.cc(497)] EGL Driver message (Error) eglQueryDeviceAttribEXT: Bad attribute.
[pid=91306][err] [1124/014205.124509:ERROR:gl_display.cc(497)] EGL Driver message (Error) eglQueryDeviceAttribEXT: Bad attribute.
[pid=91306][err] [1124/014205.173303:ERROR:gl_display.cc(497)] EGL Driver message (Error) eglQueryDeviceAttribEXT: Bad attribute.
[pid=91306][err] [1124/014205.187880:ERROR:gl_display.cc(497)] EGL Driver message (Error) eglQueryDeviceAttribEXT: Bad attribute.
[pid=91306][err] [1124/014205.377731:ERROR:gl_display.cc(497)] EGL Driver message (Error) eglQueryDeviceAttribEXT: Bad attribute.
[pid=91306][err] [1124/014205.660899:ERROR:gl_display.cc(497)] EGL Driver message (Error) eglQueryDeviceAttribEXT: Bad attribute.
[pid=91306][err] [1124/014208.135370:ERROR:gl_display.cc(497)] EGL Driver message (Error) eglQueryDeviceAttribEXT: Bad attribute.
[pid=91306] <gracefully close start>
2025-11-24 01:42:12,011 - asyncio - ERROR - Future exception was never retrieved
future: <Future finished exception=TargetClosedError('Target page, context or browser has been closed\nCall log:\nwaiting for locator("div.toc-entries.toc-entries-box")\n')>
playwright._impl._errors.TargetClosedError: Target page, context or browser has been closed
Call log:
waiting for locator("div.toc-entries.toc-entries-box")

2025-11-24 01:42:36,684 - __main__ - INFO - 加载配置文件...
2025-11-24 01:42:36,685 - src.crawler.scheduler - INFO - ============================================================
2025-11-24 01:42:36,685 - src.crawler.scheduler - INFO - 开始爬取 vivo 手表文档
2025-11-24 01:42:36,685 - src.crawler.scheduler - INFO - ============================================================
2025-11-24 01:42:36,685 - src.crawler.browser_engine - INFO - 启动浏览器...
2025-11-24 01:42:37,069 - src.crawler.browser_engine - INFO - 浏览器启动成功
2025-11-24 01:42:37,070 - src.crawler.storage - INFO - 加载已爬取 URL: 3 个
2025-11-24 01:42:37,071 - src.crawler.scheduler - INFO - 
============================================================
2025-11-24 01:42:37,071 - src.crawler.scheduler - INFO - 阶段一：提取导航结构
2025-11-24 01:42:37,071 - src.crawler.scheduler - INFO - ============================================================
2025-11-24 01:42:37,071 - src.crawler.scheduler - INFO - 
处理入口: https://developers.vivo.com/product/blueos/doc/common/reference/quickstart/introduction
2025-11-24 01:42:37,149 - src.crawler.browser_engine - INFO - 加载页面: https://developers.vivo.com/product/blueos/doc/common/reference/quickstart/introduction
2025-11-24 01:42:42,817 - src.crawler.browser_engine - INFO - 页面加载成功: https://developers.vivo.com/product/blueos/doc/common/reference/quickstart/introduction
2025-11-24 01:43:09,865 - src.crawler.extractors - WARNING - 未找到侧边栏元素
2025-11-24 01:43:09,866 - src.crawler.scheduler - INFO - 从入口提取到 0 个链接
2025-11-24 01:43:11,661 - src.crawler.scheduler - INFO - 
处理入口: https://developers.vivo.com/product/blueos/doc/common/js/system/app
2025-11-24 01:43:11,736 - src.crawler.browser_engine - INFO - 加载页面: https://developers.vivo.com/product/blueos/doc/common/js/system/app
2025-11-24 01:43:16,707 - src.crawler.browser_engine - INFO - 页面加载成功: https://developers.vivo.com/product/blueos/doc/common/js/system/app
2025-11-24 01:43:18,844 - src.crawler.browser_engine - INFO - 关闭浏览器...
2025-11-24 01:43:18,862 - __main__ - ERROR - 
爬取过程中发生错误: BrowserContext.close: Target page, context or browser has been closed
Traceback (most recent call last):
  File "/Users/actor/Documents/learn self/python/vivo-watch-crawler/src/crawler/main.py", line 67, in main
    await scheduler.start()
  File "/Users/actor/Documents/learn self/python/vivo-watch-crawler/src/crawler/scheduler.py", line 94, in start
    await self.browser_engine.stop()
  File "/Users/actor/Documents/learn self/python/vivo-watch-crawler/src/crawler/browser_engine.py", line 70, in stop
    await self.context.close()
  File "/Users/actor/Documents/learn self/python/vivo-watch-crawler/venv/lib/python3.13/site-packages/playwright/async_api/_generated.py", line 13420, in close
    return mapping.from_maybe_impl(await self._impl_obj.close(reason=reason))
                                   ^^^^^^^^^^^^^^^^^^^^^^^^^^^^^^^^^^^^^^^^^
  File "/Users/actor/Documents/learn self/python/vivo-watch-crawler/venv/lib/python3.13/site-packages/playwright/_impl/_browser_context.py", line 601, in close
    await self._channel.send("close", {"reason": reason})
  File "/Users/actor/Documents/learn self/python/vivo-watch-crawler/venv/lib/python3.13/site-packages/playwright/_impl/_connection.py", line 59, in send
    return await self._connection.wrap_api_call(
           ^^^^^^^^^^^^^^^^^^^^^^^^^^^^^^^^^^^^^
        lambda: self.inner_send(method, params, False)
        ^^^^^^^^^^^^^^^^^^^^^^^^^^^^^^^^^^^^^^^^^^^^^^
    )
    ^
  File "/Users/actor/Documents/learn self/python/vivo-watch-crawler/venv/lib/python3.13/site-packages/playwright/_impl/_connection.py", line 520, in wrap_api_call
    raise rewrite_error(error, f"{parsed_st['apiName']}: {error}") from None
playwright._impl._errors.TargetClosedError: BrowserContext.close: Target page, context or browser has been closed
2025-11-24 01:43:18,874 - asyncio - ERROR - Future exception was never retrieved
future: <Future finished exception=TargetClosedError('Target page, context or browser has been closed\nCall log:\nwaiting for locator("div.toc-entries.toc-entries-box")\n')>
playwright._impl._errors.TargetClosedError: Target page, context or browser has been closed
Call log:
waiting for locator("div.toc-entries.toc-entries-box")

2025-11-24 01:46:09,173 - __main__ - INFO - 加载配置文件...
2025-11-24 01:46:09,173 - src.crawler.scheduler - INFO - ============================================================
2025-11-24 01:46:09,173 - src.crawler.scheduler - INFO - 开始爬取 vivo 手表文档
2025-11-24 01:46:09,173 - src.crawler.scheduler - INFO - ============================================================
2025-11-24 01:46:09,173 - src.crawler.browser_engine - INFO - 启动浏览器...
2025-11-24 01:46:09,795 - src.crawler.browser_engine - INFO - 浏览器启动成功
2025-11-24 01:46:09,796 - src.crawler.storage - INFO - 加载已爬取 URL: 3 个
2025-11-24 01:46:09,796 - src.crawler.scheduler - INFO - 
============================================================
2025-11-24 01:46:09,796 - src.crawler.scheduler - INFO - 阶段一：提取导航结构
2025-11-24 01:46:09,796 - src.crawler.scheduler - INFO - ============================================================
2025-11-24 01:46:09,796 - src.crawler.scheduler - INFO - 
处理入口: https://developers.vivo.com/product/blueos/doc/common/reference/quickstart/introduction
2025-11-24 01:46:09,953 - src.crawler.browser_engine - INFO - 加载页面: https://developers.vivo.com/product/blueos/doc/common/reference/quickstart/introduction
2025-11-24 01:46:15,407 - src.crawler.browser_engine - INFO - 页面加载成功: https://developers.vivo.com/product/blueos/doc/common/reference/quickstart/introduction
2025-11-24 01:47:18,488 - src.crawler.extractors - WARNING - 未找到侧边栏元素
2025-11-24 01:47:18,497 - src.crawler.extractors - INFO - 备用方案提取到 0 个链接
2025-11-24 01:47:18,497 - src.crawler.scheduler - INFO - 从入口提取到 0 个链接
2025-11-24 01:47:21,332 - src.crawler.scheduler - INFO - 
处理入口: https://developers.vivo.com/product/blueos/doc/common/js/system/app
2025-11-24 01:47:21,413 - src.crawler.browser_engine - INFO - 加载页面: https://developers.vivo.com/product/blueos/doc/common/js/system/app
2025-11-24 01:47:26,965 - src.crawler.browser_engine - INFO - 页面加载成功: https://developers.vivo.com/product/blueos/doc/common/js/system/app
2025-11-24 01:47:31,228 - src.crawler.browser_engine - INFO - 关闭浏览器...
2025-11-24 01:47:31,246 - __main__ - ERROR - 
爬取过程中发生错误: BrowserContext.close: Target page, context or browser has been closed
Traceback (most recent call last):
  File "/Users/actor/Documents/learn self/python/vivo-watch-crawler/src/crawler/main.py", line 67, in main
    await scheduler.start()
  File "/Users/actor/Documents/learn self/python/vivo-watch-crawler/src/crawler/scheduler.py", line 94, in start
    await self.browser_engine.stop()
  File "/Users/actor/Documents/learn self/python/vivo-watch-crawler/src/crawler/browser_engine.py", line 70, in stop
    await self.context.close()
  File "/Users/actor/Documents/learn self/python/vivo-watch-crawler/venv/lib/python3.13/site-packages/playwright/async_api/_generated.py", line 13420, in close
    return mapping.from_maybe_impl(await self._impl_obj.close(reason=reason))
                                   ^^^^^^^^^^^^^^^^^^^^^^^^^^^^^^^^^^^^^^^^^
  File "/Users/actor/Documents/learn self/python/vivo-watch-crawler/venv/lib/python3.13/site-packages/playwright/_impl/_browser_context.py", line 601, in close
    await self._channel.send("close", {"reason": reason})
  File "/Users/actor/Documents/learn self/python/vivo-watch-crawler/venv/lib/python3.13/site-packages/playwright/_impl/_connection.py", line 59, in send
    return await self._connection.wrap_api_call(
           ^^^^^^^^^^^^^^^^^^^^^^^^^^^^^^^^^^^^^
        lambda: self.inner_send(method, params, False)
        ^^^^^^^^^^^^^^^^^^^^^^^^^^^^^^^^^^^^^^^^^^^^^^
    )
    ^
  File "/Users/actor/Documents/learn self/python/vivo-watch-crawler/venv/lib/python3.13/site-packages/playwright/_impl/_connection.py", line 520, in wrap_api_call
    raise rewrite_error(error, f"{parsed_st['apiName']}: {error}") from None
playwright._impl._errors.TargetClosedError: BrowserContext.close: Target page, context or browser has been closed
2025-11-24 01:47:31,257 - asyncio - ERROR - Future exception was never retrieved
future: <Future finished exception=TargetClosedError('Target page, context or browser has been closed\nCall log:\nwaiting for locator("#sidebar") to be visible\n')>
playwright._impl._errors.TargetClosedError: Target page, context or browser has been closed
Call log:
waiting for locator("#sidebar") to be visible

2025-11-24 01:48:52,678 - __main__ - INFO - 加载配置文件...
2025-11-24 01:48:52,678 - src.crawler.scheduler - INFO - ============================================================
2025-11-24 01:48:52,678 - src.crawler.scheduler - INFO - 开始爬取 vivo 手表文档
2025-11-24 01:48:52,678 - src.crawler.scheduler - INFO - ============================================================
2025-11-24 01:48:52,678 - src.crawler.browser_engine - INFO - 启动浏览器...
2025-11-24 01:48:53,297 - src.crawler.browser_engine - INFO - 浏览器启动成功
2025-11-24 01:48:53,298 - src.crawler.storage - INFO - 加载已爬取 URL: 3 个
2025-11-24 01:48:53,299 - src.crawler.scheduler - INFO - 
============================================================
2025-11-24 01:48:53,299 - src.crawler.scheduler - INFO - 阶段一：提取导航结构
2025-11-24 01:48:53,299 - src.crawler.scheduler - INFO - ============================================================
2025-11-24 01:48:53,299 - src.crawler.scheduler - INFO - 
处理入口: https://developers.vivo.com/product/blueos/doc/common/reference/quickstart/introduction
2025-11-24 01:48:53,451 - src.crawler.browser_engine - INFO - 加载页面: https://developers.vivo.com/product/blueos/doc/common/reference/quickstart/introduction
2025-11-24 01:49:01,323 - src.crawler.browser_engine - INFO - 页面加载成功: https://developers.vivo.com/product/blueos/doc/common/reference/quickstart/introduction
2025-11-24 01:49:01,336 - src.crawler.extractors - INFO - 等待侧边栏加载...
2025-11-24 01:49:31,428 - src.crawler.extractors - WARNING - 等待超时，侧边栏未加载
2025-11-24 01:49:31,433 - src.crawler.extractors - INFO - 备用方案提取到 0 个链接
2025-11-24 01:49:31,433 - src.crawler.scheduler - INFO - 从入口提取到 0 个链接
2025-11-24 01:49:33,779 - src.crawler.scheduler - INFO - 
处理入口: https://developers.vivo.com/product/blueos/doc/common/js/system/app
2025-11-24 01:49:33,856 - src.crawler.browser_engine - INFO - 加载页面: https://developers.vivo.com/product/blueos/doc/common/js/system/app
2025-11-24 01:49:41,718 - src.crawler.browser_engine - INFO - 页面加载成功: https://developers.vivo.com/product/blueos/doc/common/js/system/app
2025-11-24 01:49:41,728 - src.crawler.extractors - INFO - 等待侧边栏加载...
2025-11-24 01:50:11,810 - src.crawler.extractors - WARNING - 等待超时，侧边栏未加载
2025-11-24 01:50:11,813 - src.crawler.extractors - INFO - 备用方案提取到 0 个链接
2025-11-24 01:50:11,813 - src.crawler.scheduler - INFO - 从入口提取到 0 个链接
2025-11-24 01:50:12,900 - src.crawler.scheduler - INFO - 
处理入口: https://developers.vivo.com/product/blueos/doc/common/component/common/rule
2025-11-24 01:50:12,968 - src.crawler.browser_engine - INFO - 加载页面: https://developers.vivo.com/product/blueos/doc/common/component/common/rule
2025-11-24 01:50:20,080 - src.crawler.browser_engine - INFO - 页面加载成功: https://developers.vivo.com/product/blueos/doc/common/component/common/rule
2025-11-24 01:50:20,086 - src.crawler.extractors - INFO - 等待侧边栏加载...
2025-11-24 01:50:35,441 - src.crawler.browser_engine - INFO - 关闭浏览器...
2025-11-24 01:50:35,457 - __main__ - ERROR - 
爬取过程中发生错误: BrowserContext.close: Target page, context or browser has been closed
Traceback (most recent call last):
  File "/Users/actor/Documents/learn self/python/vivo-watch-crawler/src/crawler/main.py", line 67, in main
    await scheduler.start()
  File "/Users/actor/Documents/learn self/python/vivo-watch-crawler/src/crawler/scheduler.py", line 94, in start
    await self.browser_engine.stop()
  File "/Users/actor/Documents/learn self/python/vivo-watch-crawler/src/crawler/browser_engine.py", line 70, in stop
    await self.context.close()
  File "/Users/actor/Documents/learn self/python/vivo-watch-crawler/venv/lib/python3.13/site-packages/playwright/async_api/_generated.py", line 13420, in close
    return mapping.from_maybe_impl(await self._impl_obj.close(reason=reason))
                                   ^^^^^^^^^^^^^^^^^^^^^^^^^^^^^^^^^^^^^^^^^
  File "/Users/actor/Documents/learn self/python/vivo-watch-crawler/venv/lib/python3.13/site-packages/playwright/_impl/_browser_context.py", line 601, in close
    await self._channel.send("close", {"reason": reason})
  File "/Users/actor/Documents/learn self/python/vivo-watch-crawler/venv/lib/python3.13/site-packages/playwright/_impl/_connection.py", line 59, in send
    return await self._connection.wrap_api_call(
           ^^^^^^^^^^^^^^^^^^^^^^^^^^^^^^^^^^^^^
        lambda: self.inner_send(method, params, False)
        ^^^^^^^^^^^^^^^^^^^^^^^^^^^^^^^^^^^^^^^^^^^^^^
    )
    ^
  File "/Users/actor/Documents/learn self/python/vivo-watch-crawler/venv/lib/python3.13/site-packages/playwright/_impl/_connection.py", line 520, in wrap_api_call
    raise rewrite_error(error, f"{parsed_st['apiName']}: {error}") from None
playwright._impl._errors.TargetClosedError: BrowserContext.close: Target page, context or browser has been closed
2025-11-24 01:50:37,313 - __main__ - INFO - 加载配置文件...
2025-11-24 01:50:37,313 - src.crawler.scheduler - INFO - ============================================================
2025-11-24 01:50:37,313 - src.crawler.scheduler - INFO - 开始爬取 vivo 手表文档
2025-11-24 01:50:37,313 - src.crawler.scheduler - INFO - ============================================================
2025-11-24 01:50:37,313 - src.crawler.browser_engine - INFO - 启动浏览器...
2025-11-24 01:50:37,696 - src.crawler.browser_engine - INFO - 浏览器启动成功
2025-11-24 01:50:37,698 - src.crawler.storage - INFO - 加载已爬取 URL: 3 个
2025-11-24 01:50:37,698 - src.crawler.scheduler - INFO - 
============================================================
2025-11-24 01:50:37,698 - src.crawler.scheduler - INFO - 阶段一：提取导航结构
2025-11-24 01:50:37,698 - src.crawler.scheduler - INFO - ============================================================
2025-11-24 01:50:37,698 - src.crawler.scheduler - INFO - 
处理入口: https://developers.vivo.com/product/blueos/doc/common/reference/quickstart/introduction
2025-11-24 01:50:37,775 - src.crawler.browser_engine - INFO - 加载页面: https://developers.vivo.com/product/blueos/doc/common/reference/quickstart/introduction
2025-11-24 01:50:46,421 - src.crawler.browser_engine - INFO - 页面加载成功: https://developers.vivo.com/product/blueos/doc/common/reference/quickstart/introduction
2025-11-24 01:50:46,425 - src.crawler.extractors - INFO - 等待侧边栏加载...
2025-11-24 01:51:16,519 - src.crawler.extractors - WARNING - 未找到侧边栏元素
2025-11-24 01:51:16,523 - src.crawler.extractors - INFO - 备用方案提取到 0 个链接
2025-11-24 01:51:16,523 - src.crawler.scheduler - INFO - 从入口提取到 0 个链接
2025-11-24 01:51:17,911 - src.crawler.scheduler - INFO - 
处理入口: https://developers.vivo.com/product/blueos/doc/common/js/system/app
2025-11-24 01:51:17,978 - src.crawler.browser_engine - INFO - 加载页面: https://developers.vivo.com/product/blueos/doc/common/js/system/app
2025-11-24 01:51:23,619 - src.crawler.browser_engine - INFO - 页面加载成功: https://developers.vivo.com/product/blueos/doc/common/js/system/app
2025-11-24 01:51:23,625 - src.crawler.extractors - INFO - 等待侧边栏加载...
2025-11-24 01:51:26,074 - src.crawler.browser_engine - INFO - 关闭浏览器...
2025-11-24 01:51:26,090 - __main__ - ERROR - 
爬取过程中发生错误: BrowserContext.close: Target page, context or browser has been closed
Traceback (most recent call last):
  File "/Users/actor/Documents/learn self/python/vivo-watch-crawler/src/crawler/main.py", line 67, in main
    await scheduler.start()
  File "/Users/actor/Documents/learn self/python/vivo-watch-crawler/src/crawler/scheduler.py", line 94, in start
    await self.browser_engine.stop()
  File "/Users/actor/Documents/learn self/python/vivo-watch-crawler/src/crawler/browser_engine.py", line 70, in stop
    await self.context.close()
  File "/Users/actor/Documents/learn self/python/vivo-watch-crawler/venv/lib/python3.13/site-packages/playwright/async_api/_generated.py", line 13420, in close
    return mapping.from_maybe_impl(await self._impl_obj.close(reason=reason))
                                   ^^^^^^^^^^^^^^^^^^^^^^^^^^^^^^^^^^^^^^^^^
  File "/Users/actor/Documents/learn self/python/vivo-watch-crawler/venv/lib/python3.13/site-packages/playwright/_impl/_browser_context.py", line 601, in close
    await self._channel.send("close", {"reason": reason})
  File "/Users/actor/Documents/learn self/python/vivo-watch-crawler/venv/lib/python3.13/site-packages/playwright/_impl/_connection.py", line 59, in send
    return await self._connection.wrap_api_call(
           ^^^^^^^^^^^^^^^^^^^^^^^^^^^^^^^^^^^^^
        lambda: self.inner_send(method, params, False)
        ^^^^^^^^^^^^^^^^^^^^^^^^^^^^^^^^^^^^^^^^^^^^^^
    )
    ^
  File "/Users/actor/Documents/learn self/python/vivo-watch-crawler/venv/lib/python3.13/site-packages/playwright/_impl/_connection.py", line 520, in wrap_api_call
    raise rewrite_error(error, f"{parsed_st['apiName']}: {error}") from None
playwright._impl._errors.TargetClosedError: BrowserContext.close: Target page, context or browser has been closed
2025-11-24 02:01:40,138 - __main__ - INFO - 加载配置文件...
2025-11-24 02:01:40,138 - src.crawler.scheduler_api - INFO - ============================================================
2025-11-24 02:01:40,138 - src.crawler.scheduler_api - INFO - 开始爬取 vivo 手表文档 (API 模式)
2025-11-24 02:01:40,138 - src.crawler.scheduler_api - INFO - ============================================================
2025-11-24 02:01:40,139 - src.crawler.storage - INFO - 加载已爬取 URL: 3 个
2025-11-24 02:01:40,139 - src.crawler.scheduler_api - INFO - 
阶段一: 发现所有页面
2025-11-24 02:01:40,139 - src.crawler.scheduler_api - INFO - ============================================================
2025-11-24 02:01:40,139 - src.crawler.api_crawler - INFO - 尝试获取 sitemap: https://developers-watch.vivo.com.cn/sitemap.xml
2025-11-24 02:01:40,782 - src.crawler.api_crawler - INFO - 尝试获取 sitemap: https://developers-watch.vivo.com.cn/sitemap/sitemap-index.xml
2025-11-24 02:01:40,967 - src.crawler.api_crawler - INFO - 从 sitemap 发现 1 个页面
2025-11-24 02:01:40,967 - src.crawler.scheduler_api - INFO - 发现 1 个页面

2025-11-24 02:01:40,967 - src.crawler.scheduler_api - INFO - 
阶段二: 爬取所有页面
2025-11-24 02:01:40,967 - src.crawler.scheduler_api - INFO - ============================================================
2025-11-24 02:01:40,968 - src.crawler.scheduler_api - INFO - 
[1/1] 处理: /sitemap/sitemap-0.xml
2025-11-24 02:01:40,968 - src.crawler.api_crawler - INFO - 请求 API: https://developers-watch.vivo.com.cn/page-data/sitemap/sitemap-0.xml/page-data.json
2025-11-24 02:01:41,376 - src.crawler.api_crawler - ERROR - 获取页面失败: https://developers-watch.vivo.com.cn/page-data/sitemap/sitemap-0.xml/page-data.json, 错误: Expecting value: line 1 column 1 (char 0)
2025-11-24 02:01:41,378 - src.crawler.scheduler_api - WARNING -   ✗ 未获取到数据
2025-11-24 02:01:41,379 - src.crawler.storage - INFO - 保存统计信息
2025-11-24 02:01:41,380 - src.crawler.scheduler_api - INFO - 
============================================================
2025-11-24 02:01:41,380 - src.crawler.scheduler_api - INFO - 爬取完成
2025-11-24 02:01:41,380 - src.crawler.scheduler_api - INFO - ============================================================
2025-11-24 02:01:41,380 - src.crawler.scheduler_api - INFO - 总页面数: 1
2025-11-24 02:01:41,380 - src.crawler.scheduler_api - INFO - 成功: 0
2025-11-24 02:01:41,380 - src.crawler.scheduler_api - INFO - 失败: 1
2025-11-24 02:01:41,380 - src.crawler.scheduler_api - INFO - 跳过: 0
2025-11-24 02:01:41,380 - src.crawler.scheduler_api - INFO - 成功率: 0.0%
2025-11-24 02:01:41,381 - src.crawler.scheduler_api - INFO - ============================================================
2025-11-24 02:01:41,383 - __main__ - INFO - 
所有任务完成!
2025-11-24 02:02:33,399 - __main__ - INFO - 加载配置文件...
2025-11-24 02:02:33,399 - src.crawler.scheduler_api - INFO - ============================================================
2025-11-24 02:02:33,399 - src.crawler.scheduler_api - INFO - 开始爬取 vivo 手表文档 (API 模式)
2025-11-24 02:02:33,399 - src.crawler.scheduler_api - INFO - ============================================================
2025-11-24 02:02:33,400 - src.crawler.storage - INFO - 加载已爬取 URL: 3 个
2025-11-24 02:02:33,400 - src.crawler.scheduler_api - INFO - 
阶段一: 发现所有页面
2025-11-24 02:02:33,400 - src.crawler.scheduler_api - INFO - ============================================================
2025-11-24 02:02:33,400 - src.crawler.api_crawler - INFO - 尝试获取 sitemap: https://developers-watch.vivo.com.cn/sitemap.xml
2025-11-24 02:02:34,173 - src.crawler.api_crawler - INFO - 尝试获取 sitemap: https://developers-watch.vivo.com.cn/sitemap/sitemap-index.xml
2025-11-24 02:02:34,526 - src.crawler.api_crawler - INFO - 从 sitemap 发现 1 个页面
2025-11-24 02:02:34,526 - src.crawler.scheduler_api - INFO - 发现 1 个页面

2025-11-24 02:02:34,526 - src.crawler.scheduler_api - INFO - 
阶段二: 爬取所有页面
2025-11-24 02:02:34,526 - src.crawler.scheduler_api - INFO - ============================================================
2025-11-24 02:02:34,526 - src.crawler.scheduler_api - INFO - 
[1/1] 处理: /sitemap/sitemap-0.xml
2025-11-24 02:02:34,526 - src.crawler.api_crawler - INFO - 请求 API: https://developers-watch.vivo.com.cn/page-data/sitemap/sitemap-0.xml/page-data.json
2025-11-24 02:02:35,041 - src.crawler.api_crawler - ERROR - 获取页面失败: https://developers-watch.vivo.com.cn/page-data/sitemap/sitemap-0.xml/page-data.json, 错误: Expecting value: line 1 column 1 (char 0)
2025-11-24 02:02:35,044 - src.crawler.scheduler_api - WARNING -   ✗ 未获取到数据
2025-11-24 02:02:35,045 - src.crawler.storage - INFO - 保存统计信息
2025-11-24 02:02:35,046 - src.crawler.scheduler_api - INFO - 
============================================================
2025-11-24 02:02:35,046 - src.crawler.scheduler_api - INFO - 爬取完成
2025-11-24 02:02:35,046 - src.crawler.scheduler_api - INFO - ============================================================
2025-11-24 02:02:35,046 - src.crawler.scheduler_api - INFO - 总页面数: 1
2025-11-24 02:02:35,046 - src.crawler.scheduler_api - INFO - 成功: 0
2025-11-24 02:02:35,046 - src.crawler.scheduler_api - INFO - 失败: 1
2025-11-24 02:02:35,046 - src.crawler.scheduler_api - INFO - 跳过: 0
2025-11-24 02:02:35,046 - src.crawler.scheduler_api - INFO - 成功率: 0.0%
2025-11-24 02:02:35,046 - src.crawler.scheduler_api - INFO - ============================================================
2025-11-24 02:02:35,049 - __main__ - INFO - 
所有任务完成!
2025-11-24 02:02:48,801 - __main__ - INFO - 加载配置文件...
2025-11-24 02:02:48,802 - src.crawler.scheduler_api - INFO - ============================================================
2025-11-24 02:02:48,802 - src.crawler.scheduler_api - INFO - 开始爬取 vivo 手表文档 (API 模式)
2025-11-24 02:02:48,802 - src.crawler.scheduler_api - INFO - ============================================================
2025-11-24 02:02:48,802 - src.crawler.storage - INFO - 加载已爬取 URL: 0 个
2025-11-24 02:02:48,802 - src.crawler.scheduler_api - INFO - 
阶段一: 发现所有页面
2025-11-24 02:02:48,802 - src.crawler.scheduler_api - INFO - ============================================================
2025-11-24 02:02:48,802 - src.crawler.api_crawler - INFO - 尝试获取 sitemap: https://developers-watch.vivo.com.cn/sitemap.xml
2025-11-24 02:02:49,444 - src.crawler.api_crawler - INFO - 尝试获取 sitemap: https://developers-watch.vivo.com.cn/sitemap/sitemap-index.xml
2025-11-24 02:02:49,666 - src.crawler.api_crawler - INFO - 从 sitemap 发现 1 个页面
2025-11-24 02:02:49,666 - src.crawler.scheduler_api - INFO - 发现 1 个页面

2025-11-24 02:02:49,666 - src.crawler.scheduler_api - INFO - 
阶段二: 爬取所有页面
2025-11-24 02:02:49,666 - src.crawler.scheduler_api - INFO - ============================================================
2025-11-24 02:02:49,667 - src.crawler.scheduler_api - INFO - 
[1/1] 处理: /sitemap/sitemap-0.xml
2025-11-24 02:02:49,667 - src.crawler.api_crawler - INFO - 请求 API: https://developers-watch.vivo.com.cn/page-data/sitemap/sitemap-0.xml/page-data.json
2025-11-24 02:02:50,075 - src.crawler.api_crawler - ERROR - 获取页面失败: https://developers-watch.vivo.com.cn/page-data/sitemap/sitemap-0.xml/page-data.json, 错误: Expecting value: line 1 column 1 (char 0)
2025-11-24 02:02:50,077 - src.crawler.scheduler_api - WARNING -   ✗ 未获取到数据
2025-11-24 02:02:50,078 - src.crawler.storage - INFO - 保存统计信息
2025-11-24 02:02:50,078 - src.crawler.scheduler_api - INFO - 
============================================================
2025-11-24 02:02:50,078 - src.crawler.scheduler_api - INFO - 爬取完成
2025-11-24 02:02:50,078 - src.crawler.scheduler_api - INFO - ============================================================
2025-11-24 02:02:50,079 - src.crawler.scheduler_api - INFO - 总页面数: 1
2025-11-24 02:02:50,079 - src.crawler.scheduler_api - INFO - 成功: 0
2025-11-24 02:02:50,079 - src.crawler.scheduler_api - INFO - 失败: 1
2025-11-24 02:02:50,079 - src.crawler.scheduler_api - INFO - 跳过: 0
2025-11-24 02:02:50,079 - src.crawler.scheduler_api - INFO - 成功率: 0.0%
2025-11-24 02:02:50,079 - src.crawler.scheduler_api - INFO - ============================================================
2025-11-24 02:02:50,081 - __main__ - INFO - 
所有任务完成!
2025-11-24 02:17:23,413 - __main__ - INFO - 加载配置文件...
2025-11-24 02:17:23,414 - src.crawler.scheduler_api - INFO - ============================================================
2025-11-24 02:17:23,414 - src.crawler.scheduler_api - INFO - 开始爬取 vivo 手表文档 (API 模式)
2025-11-24 02:17:23,414 - src.crawler.scheduler_api - INFO - ============================================================
2025-11-24 02:17:23,414 - src.crawler.storage - INFO - 加载已爬取 URL: 0 个
2025-11-24 02:17:23,414 - src.crawler.scheduler_api - INFO - 
阶段一: 发现所有页面
2025-11-24 02:17:23,414 - src.crawler.scheduler_api - INFO - ============================================================
2025-11-24 02:17:23,414 - src.crawler.api_crawler - INFO - 从导航页面自动发现所有文档链接...
2025-11-24 02:17:24,312 - src.crawler.api_crawler - INFO - 从导航发现 161 个页面
2025-11-24 02:17:24,313 - src.crawler.scheduler_api - INFO - 发现 161 个页面

2025-11-24 02:17:24,313 - src.crawler.scheduler_api - INFO - 
阶段二: 爬取所有页面
2025-11-24 02:17:24,313 - src.crawler.scheduler_api - INFO - ============================================================
2025-11-24 02:17:24,313 - src.crawler.scheduler_api - INFO - 
[1/161] 处理: /api/ai/nlp/
2025-11-24 02:17:24,313 - src.crawler.api_crawler - INFO - 请求 HTML: https://developers-watch.vivo.com.cn/api/ai/nlp?hastopwindow=1
2025-11-24 02:17:24,582 - src.crawler.storage - INFO - 保存页面数据: https://developers-watch.vivo.com.cn/api/ai/nlp/ -> js-api.jsonl
2025-11-24 02:17:24,583 - src.crawler.scheduler_api - INFO -   ✓ 成功: 自然语言处理
2025-11-24 02:17:27,547 - src.crawler.scheduler_api - INFO - 
[2/161] 处理: /api/ai/overview/
2025-11-24 02:17:27,548 - src.crawler.api_crawler - INFO - 请求 HTML: https://developers-watch.vivo.com.cn/api/ai/overview?hastopwindow=1
2025-11-24 02:17:27,779 - src.crawler.storage - INFO - 保存页面数据: https://developers-watch.vivo.com.cn/api/ai/overview/ -> js-api.jsonl
2025-11-24 02:17:27,779 - src.crawler.scheduler_api - INFO -   ✓ 成功: 概述
2025-11-24 02:17:29,853 - src.crawler.scheduler_api - INFO - 
[3/161] 处理: /api/ai/speech/
2025-11-24 02:17:29,853 - src.crawler.api_crawler - INFO - 请求 HTML: https://developers-watch.vivo.com.cn/api/ai/speech?hastopwindow=1
2025-11-24 02:17:30,222 - src.crawler.storage - INFO - 保存页面数据: https://developers-watch.vivo.com.cn/api/ai/speech/ -> js-api.jsonl
2025-11-24 02:17:30,223 - src.crawler.scheduler_api - INFO -   ✓ 成功: 语音技术
2025-11-24 02:17:32,544 - src.crawler.scheduler_api - INFO - 
[4/161] 处理: /api/ai/vision/
2025-11-24 02:17:32,544 - src.crawler.api_crawler - INFO - 请求 HTML: https://developers-watch.vivo.com.cn/api/ai/vision?hastopwindow=1
2025-11-24 02:17:32,903 - src.crawler.storage - INFO - 保存页面数据: https://developers-watch.vivo.com.cn/api/ai/vision/ -> js-api.jsonl
2025-11-24 02:17:32,903 - src.crawler.scheduler_api - INFO -   ✓ 成功: 视觉技术
2025-11-24 02:17:34,605 - src.crawler.scheduler_api - INFO - 
[5/161] 处理: /api/common/error-code/
2025-11-24 02:17:34,605 - src.crawler.api_crawler - INFO - 请求 HTML: https://developers-watch.vivo.com.cn/api/common/error-code?hastopwindow=1
2025-11-24 02:17:34,871 - src.crawler.storage - INFO - 保存页面数据: https://developers-watch.vivo.com.cn/api/common/error-code/ -> js-api.jsonl
2025-11-24 02:17:34,871 - src.crawler.scheduler_api - INFO -   ✓ 成功: 通用错误码
2025-11-24 02:17:35,903 - src.crawler.scheduler_api - INFO - 
[6/161] 处理: /api/common/overview/
2025-11-24 02:17:35,903 - src.crawler.api_crawler - INFO - 请求 HTML: https://developers-watch.vivo.com.cn/api/common/overview?hastopwindow=1
2025-11-24 02:17:36,113 - src.crawler.storage - INFO - 保存页面数据: https://developers-watch.vivo.com.cn/api/common/overview/ -> js-api.jsonl
2025-11-24 02:17:36,113 - src.crawler.scheduler_api - INFO -   ✓ 成功: 概述
2025-11-24 02:17:38,953 - src.crawler.scheduler_api - INFO - 
[7/161] 处理: /api/common/rule/
2025-11-24 02:17:38,954 - src.crawler.api_crawler - INFO - 请求 HTML: https://developers-watch.vivo.com.cn/api/common/rule?hastopwindow=1
2025-11-24 02:17:39,239 - src.crawler.storage - INFO - 保存页面数据: https://developers-watch.vivo.com.cn/api/common/rule/ -> js-api.jsonl
2025-11-24 02:17:39,240 - src.crawler.scheduler_api - INFO -   ✓ 成功: 调用规则
2025-11-24 02:17:42,229 - src.crawler.scheduler_api - INFO - 
[8/161] 处理: /api/connect/brief-introduction/
2025-11-24 02:17:42,230 - src.crawler.api_crawler - INFO - 请求 HTML: https://developers-watch.vivo.com.cn/api/connect/brief-introduction?hastopwindow=1
2025-11-24 02:17:42,493 - src.crawler.storage - INFO - 保存页面数据: https://developers-watch.vivo.com.cn/api/connect/brief-introduction/ -> js-api.jsonl
2025-11-24 02:17:42,493 - src.crawler.scheduler_api - INFO -   ✓ 成功: 说明
2025-11-24 02:17:43,524 - src.crawler.scheduler_api - INFO - 
[9/161] 处理: /api/connect/development-guidance/privacy-policy/
2025-11-24 02:17:43,524 - src.crawler.api_crawler - INFO - 请求 HTML: https://developers-watch.vivo.com.cn/api/connect/development-guidance/privacy-policy?hastopwindow=1
2025-11-24 02:17:43,797 - src.crawler.storage - INFO - 保存页面数据: https://developers-watch.vivo.com.cn/api/connect/development-guidance/privacy-policy/ -> js-api.jsonl
2025-11-24 02:17:43,797 - src.crawler.scheduler_api - INFO -   ✓ 成功: vivo 智能终端设备 SDK 隐私政策
2025-11-24 02:17:45,543 - src.crawler.scheduler_api - INFO - 
[10/161] 处理: /api/connect/development-guidance/rpc-sdk-guidance/
2025-11-24 02:17:45,543 - src.crawler.api_crawler - INFO - 请求 HTML: https://developers-watch.vivo.com.cn/api/connect/development-guidance/rpc-sdk-guidance?hastopwindow=1
2025-11-24 02:17:45,791 - src.crawler.storage - INFO - 保存页面数据: https://developers-watch.vivo.com.cn/api/connect/development-guidance/rpc-sdk-guidance/ -> js-api.jsonl
2025-11-24 02:17:45,791 - src.crawler.scheduler_api - INFO -   ✓ 成功: vivo 智能终端设备 SDK
2025-11-24 02:17:47,070 - src.crawler.scheduler_api - INFO - 
进度: 10/161 (6.2%) | 成功: 10 | 失败: 0 | 跳过: 0

2025-11-24 02:17:47,070 - src.crawler.scheduler_api - INFO - 
[11/161] 处理: /api/connect/development-guidance/watch-guidance/
2025-11-24 02:17:47,071 - src.crawler.api_crawler - INFO - 请求 HTML: https://developers-watch.vivo.com.cn/api/connect/development-guidance/watch-guidance?hastopwindow=1
2025-11-24 02:17:47,381 - src.crawler.storage - INFO - 保存页面数据: https://developers-watch.vivo.com.cn/api/connect/development-guidance/watch-guidance/ -> js-api.jsonl
2025-11-24 02:17:47,382 - src.crawler.scheduler_api - INFO -   ✓ 成功: 穿戴业务 Kit
2025-11-24 02:17:48,481 - src.crawler.scheduler_api - INFO - 
[12/161] 处理: /api/connect/interconnect/
2025-11-24 02:17:48,481 - src.crawler.api_crawler - INFO - 请求 HTML: https://developers-watch.vivo.com.cn/api/connect/interconnect?hastopwindow=1
2025-11-24 02:17:48,809 - src.crawler.storage - INFO - 保存页面数据: https://developers-watch.vivo.com.cn/api/connect/interconnect/ -> js-api.jsonl
2025-11-24 02:17:48,809 - src.crawler.scheduler_api - INFO -   ✓ 成功: vivo 智能终端设备侧
2025-11-24 02:17:51,744 - src.crawler.scheduler_api - INFO - 
[13/161] 处理: /api/connect/introduce/
2025-11-24 02:17:51,744 - src.crawler.api_crawler - INFO - 请求 HTML: https://developers-watch.vivo.com.cn/api/connect/introduce?hastopwindow=1
2025-11-24 02:17:52,123 - src.crawler.storage - INFO - 保存页面数据: https://developers-watch.vivo.com.cn/api/connect/introduce/ -> js-api.jsonl
2025-11-24 02:17:52,123 - src.crawler.scheduler_api - INFO -   ✓ 成功: 概述
2025-11-24 02:17:53,211 - src.crawler.scheduler_api - INFO - 
[14/161] 处理: /api/connect/mobile-side/
2025-11-24 02:17:53,211 - src.crawler.api_crawler - INFO - 请求 HTML: https://developers-watch.vivo.com.cn/api/connect/mobile-side?hastopwindow=1
2025-11-24 02:17:53,504 - src.crawler.storage - INFO - 保存页面数据: https://developers-watch.vivo.com.cn/api/connect/mobile-side/ -> js-api.jsonl
2025-11-24 02:17:53,504 - src.crawler.scheduler_api - INFO -   ✓ 成功: 手机侧
2025-11-24 02:17:56,436 - src.crawler.scheduler_api - INFO - 
[15/161] 处理: /api/extend/file-sandbox/
2025-11-24 02:17:56,437 - src.crawler.api_crawler - INFO - 请求 HTML: https://developers-watch.vivo.com.cn/api/extend/file-sandbox?hastopwindow=1
2025-11-24 02:17:56,718 - src.crawler.storage - INFO - 保存页面数据: https://developers-watch.vivo.com.cn/api/extend/file-sandbox/ -> js-api.jsonl
2025-11-24 02:17:56,718 - src.crawler.scheduler_api - INFO -   ✓ 成功: 应用沙箱目录
2025-11-24 02:17:58,811 - src.crawler.scheduler_api - INFO - 
[16/161] 处理: /api/extend/lifecycle/
2025-11-24 02:17:58,812 - src.crawler.api_crawler - INFO - 请求 HTML: https://developers-watch.vivo.com.cn/api/extend/lifecycle?hastopwindow=1
2025-11-24 02:17:59,097 - src.crawler.storage - INFO - 保存页面数据: https://developers-watch.vivo.com.cn/api/extend/lifecycle/ -> js-api.jsonl
2025-11-24 02:17:59,097 - src.crawler.scheduler_api - INFO -   ✓ 成功: 生命周期
2025-11-24 02:18:02,040 - src.crawler.scheduler_api - INFO - 
[17/161] 处理: /api/health/health/
2025-11-24 02:18:02,041 - src.crawler.api_crawler - INFO - 请求 HTML: https://developers-watch.vivo.com.cn/api/health/health?hastopwindow=1
2025-11-24 02:18:02,355 - src.crawler.storage - INFO - 保存页面数据: https://developers-watch.vivo.com.cn/api/health/health/ -> js-api.jsonl
2025-11-24 02:18:02,356 - src.crawler.scheduler_api - INFO -   ✓ 成功: 运动健康
2025-11-24 02:18:05,231 - src.crawler.scheduler_api - INFO - 
[18/161] 处理: /api/storage/exchange/
2025-11-24 02:18:05,232 - src.crawler.api_crawler - INFO - 请求 HTML: https://developers-watch.vivo.com.cn/api/storage/exchange?hastopwindow=1
2025-11-24 02:18:05,622 - src.crawler.storage - INFO - 保存页面数据: https://developers-watch.vivo.com.cn/api/storage/exchange/ -> js-api.jsonl
2025-11-24 02:18:05,622 - src.crawler.scheduler_api - INFO -   ✓ 成功: 数据共享
2025-11-24 02:18:08,127 - src.crawler.scheduler_api - INFO - 
[19/161] 处理: /api/storage/file/
2025-11-24 02:18:08,128 - src.crawler.api_crawler - INFO - 请求 HTML: https://developers-watch.vivo.com.cn/api/storage/file?hastopwindow=1
2025-11-24 02:18:08,466 - src.crawler.storage - INFO - 保存页面数据: https://developers-watch.vivo.com.cn/api/storage/file/ -> js-api.jsonl
2025-11-24 02:18:08,466 - src.crawler.scheduler_api - INFO -   ✓ 成功: 文件存储
2025-11-24 02:18:10,149 - src.crawler.scheduler_api - INFO - 
[20/161] 处理: /api/storage/localstorage
2025-11-24 02:18:10,149 - src.crawler.api_crawler - INFO - 请求 HTML: https://developers-watch.vivo.com.cn/api/storage/localstorage?hastopwindow=1
2025-11-24 02:18:10,452 - src.crawler.storage - INFO - 保存页面数据: https://developers-watch.vivo.com.cn/api/storage/localstorage -> js-api.jsonl
2025-11-24 02:18:10,452 - src.crawler.scheduler_api - INFO -   ✓ 成功: K-V 数据存储
2025-11-24 02:18:12,545 - src.crawler.scheduler_api - INFO - 
进度: 20/161 (12.4%) | 成功: 20 | 失败: 0 | 跳过: 0

2025-11-24 02:18:12,545 - src.crawler.scheduler_api - INFO - 
[21/161] 处理: /api/storage/overview/
2025-11-24 02:18:12,545 - src.crawler.api_crawler - INFO - 请求 HTML: https://developers-watch.vivo.com.cn/api/storage/overview?hastopwindow=1
2025-11-24 02:18:12,824 - src.crawler.storage - INFO - 保存页面数据: https://developers-watch.vivo.com.cn/api/storage/overview/ -> js-api.jsonl
2025-11-24 02:18:12,825 - src.crawler.scheduler_api - INFO -   ✓ 成功: 概述
2025-11-24 02:18:14,269 - src.crawler.scheduler_api - INFO - 
[22/161] 处理: /api/storage/statvfs
2025-11-24 02:18:14,269 - src.crawler.api_crawler - INFO - 请求 HTML: https://developers-watch.vivo.com.cn/api/storage/statvfs?hastopwindow=1
2025-11-24 02:18:14,550 - src.crawler.storage - INFO - 保存页面数据: https://developers-watch.vivo.com.cn/api/storage/statvfs -> js-api.jsonl
2025-11-24 02:18:14,551 - src.crawler.scheduler_api - INFO -   ✓ 成功: 存储空间统计
2025-11-24 02:18:16,841 - src.crawler.scheduler_api - INFO - 
[23/161] 处理: /api/system/am/
2025-11-24 02:18:16,841 - src.crawler.api_crawler - INFO - 请求 HTML: https://developers-watch.vivo.com.cn/api/system/am?hastopwindow=1
2025-11-24 02:18:17,115 - src.crawler.storage - INFO - 保存页面数据: https://developers-watch.vivo.com.cn/api/system/am/ -> js-api.jsonl
2025-11-24 02:18:17,115 - src.crawler.scheduler_api - INFO -   ✓ 成功: 应用管理
2025-11-24 02:18:19,500 - src.crawler.scheduler_api - INFO - 
[24/161] 处理: /api/system/app/
2025-11-24 02:18:19,501 - src.crawler.api_crawler - INFO - 请求 HTML: https://developers-watch.vivo.com.cn/api/system/app?hastopwindow=1
2025-11-24 02:18:19,617 - src.crawler.storage - INFO - 保存页面数据: https://developers-watch.vivo.com.cn/api/system/app/ -> js-api.jsonl
2025-11-24 02:18:19,618 - src.crawler.scheduler_api - INFO -   ✓ 成功: 概述
2025-11-24 02:18:22,557 - src.crawler.scheduler_api - INFO - 
[25/161] 处理: /api/system/audio/
2025-11-24 02:18:22,557 - src.crawler.api_crawler - INFO - 请求 HTML: https://developers-watch.vivo.com.cn/api/system/audio?hastopwindow=1
2025-11-24 02:18:22,863 - src.crawler.storage - INFO - 保存页面数据: https://developers-watch.vivo.com.cn/api/system/audio/ -> js-api.jsonl
2025-11-24 02:18:22,864 - src.crawler.scheduler_api - INFO -   ✓ 成功: 音频
2025-11-24 02:18:24,377 - src.crawler.scheduler_api - INFO - 
[26/161] 处理: /api/system/audiomanager/
2025-11-24 02:18:24,378 - src.crawler.api_crawler - INFO - 请求 HTML: https://developers-watch.vivo.com.cn/api/system/audiomanager?hastopwindow=1
2025-11-24 02:18:24,685 - src.crawler.storage - INFO - 保存页面数据: https://developers-watch.vivo.com.cn/api/system/audiomanager/ -> js-api.jsonl
2025-11-24 02:18:24,685 - src.crawler.scheduler_api - INFO -   ✓ 成功: 音频管理
2025-11-24 02:18:26,510 - src.crawler.scheduler_api - INFO - 
[27/161] 处理: /api/system/battery/
2025-11-24 02:18:26,511 - src.crawler.api_crawler - INFO - 请求 HTML: https://developers-watch.vivo.com.cn/api/system/battery?hastopwindow=1
2025-11-24 02:18:26,756 - src.crawler.storage - INFO - 保存页面数据: https://developers-watch.vivo.com.cn/api/system/battery/ -> js-api.jsonl
2025-11-24 02:18:26,756 - src.crawler.scheduler_api - INFO -   ✓ 成功: 电量信息
2025-11-24 02:18:28,232 - src.crawler.scheduler_api - INFO - 
[28/161] 处理: /api/system/bluetooth/
2025-11-24 02:18:28,232 - src.crawler.api_crawler - INFO - 请求 HTML: https://developers-watch.vivo.com.cn/api/system/bluetooth?hastopwindow=1
2025-11-24 02:18:28,579 - src.crawler.storage - INFO - 保存页面数据: https://developers-watch.vivo.com.cn/api/system/bluetooth/ -> js-api.jsonl
2025-11-24 02:18:28,579 - src.crawler.scheduler_api - INFO -   ✓ 成功: 蓝牙
2025-11-24 02:18:29,950 - src.crawler.scheduler_api - INFO - 
[29/161] 处理: /api/system/brightness/
2025-11-24 02:18:29,950 - src.crawler.api_crawler - INFO - 请求 HTML: https://developers-watch.vivo.com.cn/api/system/brightness?hastopwindow=1
2025-11-24 02:18:30,245 - src.crawler.storage - INFO - 保存页面数据: https://developers-watch.vivo.com.cn/api/system/brightness/ -> js-api.jsonl
2025-11-24 02:18:30,245 - src.crawler.scheduler_api - INFO -   ✓ 成功: 屏幕亮度
2025-11-24 02:18:32,563 - src.crawler.scheduler_api - INFO - 
[30/161] 处理: /api/system/cipher/
2025-11-24 02:18:32,563 - src.crawler.api_crawler - INFO - 请求 HTML: https://developers-watch.vivo.com.cn/api/system/cipher?hastopwindow=1
2025-11-24 02:18:32,880 - src.crawler.storage - INFO - 保存页面数据: https://developers-watch.vivo.com.cn/api/system/cipher/ -> js-api.jsonl
2025-11-24 02:18:32,880 - src.crawler.scheduler_api - INFO -   ✓ 成功: 密码算法
2025-11-24 02:18:34,119 - src.crawler.scheduler_api - INFO - 
进度: 30/161 (18.6%) | 成功: 30 | 失败: 0 | 跳过: 0

2025-11-24 02:18:34,120 - src.crawler.scheduler_api - INFO - 
[31/161] 处理: /api/system/communicationOverview/
2025-11-24 02:18:34,120 - src.crawler.api_crawler - INFO - 请求 HTML: https://developers-watch.vivo.com.cn/api/system/communicationOverview?hastopwindow=1
2025-11-24 02:18:34,425 - src.crawler.storage - INFO - 保存页面数据: https://developers-watch.vivo.com.cn/api/system/communicationOverview/ -> js-api.jsonl
2025-11-24 02:18:34,426 - src.crawler.scheduler_api - INFO -   ✓ 成功: 概述
2025-11-24 02:18:36,053 - src.crawler.scheduler_api - INFO - 
[32/161] 处理: /api/system/console/
2025-11-24 02:18:36,053 - src.crawler.api_crawler - INFO - 请求 HTML: https://developers-watch.vivo.com.cn/api/system/console?hastopwindow=1
2025-11-24 02:18:36,315 - src.crawler.storage - INFO - 保存页面数据: https://developers-watch.vivo.com.cn/api/system/console/ -> js-api.jsonl
2025-11-24 02:18:36,315 - src.crawler.scheduler_api - INFO -   ✓ 成功: 日志打印
2025-11-24 02:18:38,991 - src.crawler.scheduler_api - INFO - 
[33/161] 处理: /api/system/device/
2025-11-24 02:18:38,992 - src.crawler.api_crawler - INFO - 请求 HTML: https://developers-watch.vivo.com.cn/api/system/device?hastopwindow=1
2025-11-24 02:18:39,366 - src.crawler.storage - INFO - 保存页面数据: https://developers-watch.vivo.com.cn/api/system/device/ -> js-api.jsonl
2025-11-24 02:18:39,366 - src.crawler.scheduler_api - INFO -   ✓ 成功: 设备信息
2025-11-24 02:18:41,582 - src.crawler.scheduler_api - INFO - 
[34/161] 处理: /api/system/event/
2025-11-24 02:18:41,582 - src.crawler.api_crawler - INFO - 请求 HTML: https://developers-watch.vivo.com.cn/api/system/event?hastopwindow=1
2025-11-24 02:18:41,957 - src.crawler.storage - INFO - 保存页面数据: https://developers-watch.vivo.com.cn/api/system/event/ -> js-api.jsonl
2025-11-24 02:18:41,957 - src.crawler.scheduler_api - INFO -   ✓ 成功: 公共事件
2025-11-24 02:18:44,332 - src.crawler.scheduler_api - INFO - 
[35/161] 处理: /api/system/fastlz/
2025-11-24 02:18:44,333 - src.crawler.api_crawler - INFO - 请求 HTML: https://developers-watch.vivo.com.cn/api/system/fastlz?hastopwindow=1
2025-11-24 02:18:44,594 - src.crawler.storage - INFO - 保存页面数据: https://developers-watch.vivo.com.cn/api/system/fastlz/ -> js-api.jsonl
2025-11-24 02:18:44,595 - src.crawler.scheduler_api - INFO -   ✓ 成功: 解压缩
2025-11-24 02:18:46,423 - src.crawler.scheduler_api - INFO - 
[36/161] 处理: /api/system/fetch/
2025-11-24 02:18:46,424 - src.crawler.api_crawler - INFO - 请求 HTML: https://developers-watch.vivo.com.cn/api/system/fetch?hastopwindow=1
2025-11-24 02:18:46,804 - src.crawler.storage - INFO - 保存页面数据: https://developers-watch.vivo.com.cn/api/system/fetch/ -> js-api.jsonl
2025-11-24 02:18:46,804 - src.crawler.scheduler_api - INFO -   ✓ 成功: 数据请求
2025-11-24 02:18:49,201 - src.crawler.scheduler_api - INFO - 
[37/161] 处理: /api/system/generatecertificatethumbprint/
2025-11-24 02:18:49,201 - src.crawler.api_crawler - INFO - 请求 HTML: https://developers-watch.vivo.com.cn/api/system/generatecertificatethumbprint?hastopwindow=1
2025-11-24 02:18:49,486 - src.crawler.storage - INFO - 保存页面数据: https://developers-watch.vivo.com.cn/api/system/generatecertificatethumbprint/ -> js-api.jsonl
2025-11-24 02:18:49,486 - src.crawler.scheduler_api - INFO -   ✓ 成功: 生成签名证书指纹
2025-11-24 02:18:50,844 - src.crawler.scheduler_api - INFO - 
[38/161] 处理: /api/system/geolocation/
2025-11-24 02:18:50,844 - src.crawler.api_crawler - INFO - 请求 HTML: https://developers-watch.vivo.com.cn/api/system/geolocation?hastopwindow=1
2025-11-24 02:18:51,089 - src.crawler.storage - INFO - 保存页面数据: https://developers-watch.vivo.com.cn/api/system/geolocation/ -> js-api.jsonl
2025-11-24 02:18:51,089 - src.crawler.scheduler_api - INFO -   ✓ 成功: 地理位置
2025-11-24 02:18:52,694 - src.crawler.scheduler_api - INFO - 
[39/161] 处理: /api/system/hardware/
2025-11-24 02:18:52,694 - src.crawler.api_crawler - INFO - 请求 HTML: https://developers-watch.vivo.com.cn/api/system/hardware?hastopwindow=1
2025-11-24 02:18:52,956 - src.crawler.storage - INFO - 保存页面数据: https://developers-watch.vivo.com.cn/api/system/hardware/ -> js-api.jsonl
2025-11-24 02:18:52,956 - src.crawler.scheduler_api - INFO -   ✓ 成功: 概述
2025-11-24 02:18:53,977 - src.crawler.scheduler_api - INFO - 
[40/161] 处理: /api/system/inputmethod/
2025-11-24 02:18:53,978 - src.crawler.api_crawler - INFO - 请求 HTML: https://developers-watch.vivo.com.cn/api/system/inputmethod?hastopwindow=1
2025-11-24 02:18:54,276 - src.crawler.storage - INFO - 保存页面数据: https://developers-watch.vivo.com.cn/api/system/inputmethod/ -> js-api.jsonl
2025-11-24 02:18:54,276 - src.crawler.scheduler_api - INFO -   ✓ 成功: 输入法
2025-11-24 02:18:55,541 - src.crawler.scheduler_api - INFO - 
进度: 40/161 (24.8%) | 成功: 40 | 失败: 0 | 跳过: 0

2025-11-24 02:18:55,542 - src.crawler.scheduler_api - INFO - 
[41/161] 处理: /api/system/media/
2025-11-24 02:18:55,542 - src.crawler.api_crawler - INFO - 请求 HTML: https://developers-watch.vivo.com.cn/api/system/media?hastopwindow=1
2025-11-24 02:18:55,834 - src.crawler.storage - INFO - 保存页面数据: https://developers-watch.vivo.com.cn/api/system/media/ -> js-api.jsonl
2025-11-24 02:18:55,834 - src.crawler.scheduler_api - INFO -   ✓ 成功: 多媒体
2025-11-24 02:18:57,178 - src.crawler.scheduler_api - INFO - 
[42/161] 处理: /api/system/multimediaOverview/
2025-11-24 02:18:57,178 - src.crawler.api_crawler - INFO - 请求 HTML: https://developers-watch.vivo.com.cn/api/system/multimediaOverview?hastopwindow=1
2025-11-24 02:18:57,472 - src.crawler.storage - INFO - 保存页面数据: https://developers-watch.vivo.com.cn/api/system/multimediaOverview/ -> js-api.jsonl
2025-11-24 02:18:57,472 - src.crawler.scheduler_api - INFO -   ✓ 成功: 概述
2025-11-24 02:18:58,688 - src.crawler.scheduler_api - INFO - 
[43/161] 处理: /api/system/network/
2025-11-24 02:18:58,689 - src.crawler.api_crawler - INFO - 请求 HTML: https://developers-watch.vivo.com.cn/api/system/network?hastopwindow=1
2025-11-24 02:18:59,125 - src.crawler.storage - INFO - 保存页面数据: https://developers-watch.vivo.com.cn/api/system/network/ -> js-api.jsonl
2025-11-24 02:18:59,125 - src.crawler.scheduler_api - INFO -   ✓ 成功: 网络状态
2025-11-24 02:19:00,856 - src.crawler.scheduler_api - INFO - 
[44/161] 处理: /api/system/notification/
2025-11-24 02:19:00,857 - src.crawler.api_crawler - INFO - 请求 HTML: https://developers-watch.vivo.com.cn/api/system/notification?hastopwindow=1
2025-11-24 02:19:01,141 - src.crawler.storage - INFO - 保存页面数据: https://developers-watch.vivo.com.cn/api/system/notification/ -> js-api.jsonl
2025-11-24 02:19:01,141 - src.crawler.scheduler_api - INFO -   ✓ 成功: 消息通知
2025-11-24 02:19:03,983 - src.crawler.scheduler_api - INFO - 
[45/161] 处理: /api/system/package/
2025-11-24 02:19:03,984 - src.crawler.api_crawler - INFO - 请求 HTML: https://developers-watch.vivo.com.cn/api/system/package?hastopwindow=1
2025-11-24 02:19:04,241 - src.crawler.storage - INFO - 保存页面数据: https://developers-watch.vivo.com.cn/api/system/package/ -> js-api.jsonl
2025-11-24 02:19:04,241 - src.crawler.scheduler_api - INFO -   ✓ 成功: 包管理
2025-11-24 02:19:06,709 - src.crawler.scheduler_api - INFO - 
[46/161] 处理: /api/system/pagestack/
2025-11-24 02:19:06,710 - src.crawler.api_crawler - INFO - 请求 HTML: https://developers-watch.vivo.com.cn/api/system/pagestack?hastopwindow=1
2025-11-24 02:19:07,040 - src.crawler.storage - INFO - 保存页面数据: https://developers-watch.vivo.com.cn/api/system/pagestack/ -> js-api.jsonl
2025-11-24 02:19:07,040 - src.crawler.scheduler_api - INFO -   ✓ 成功: 页面栈管理
2025-11-24 02:19:08,553 - src.crawler.scheduler_api - INFO - 
[47/161] 处理: /api/system/peaceOverview/
2025-11-24 02:19:08,554 - src.crawler.api_crawler - INFO - 请求 HTML: https://developers-watch.vivo.com.cn/api/system/peaceOverview?hastopwindow=1
2025-11-24 02:19:08,821 - src.crawler.storage - INFO - 保存页面数据: https://developers-watch.vivo.com.cn/api/system/peaceOverview/ -> js-api.jsonl
2025-11-24 02:19:08,821 - src.crawler.scheduler_api - INFO -   ✓ 成功: 概述
2025-11-24 02:19:11,301 - src.crawler.scheduler_api - INFO - 
[48/161] 处理: /api/system/permission/
2025-11-24 02:19:11,302 - src.crawler.api_crawler - INFO - 请求 HTML: https://developers-watch.vivo.com.cn/api/system/permission?hastopwindow=1
2025-11-24 02:19:11,625 - src.crawler.storage - INFO - 保存页面数据: https://developers-watch.vivo.com.cn/api/system/permission/ -> js-api.jsonl
2025-11-24 02:19:11,625 - src.crawler.scheduler_api - INFO -   ✓ 成功: 权限管理
2025-11-24 02:19:12,842 - src.crawler.scheduler_api - INFO - 
[49/161] 处理: /api/system/phoneOverview/
2025-11-24 02:19:12,842 - src.crawler.api_crawler - INFO - 请求 HTML: https://developers-watch.vivo.com.cn/api/system/phoneOverview?hastopwindow=1
2025-11-24 02:19:13,102 - src.crawler.storage - INFO - 保存页面数据: https://developers-watch.vivo.com.cn/api/system/phoneOverview/ -> js-api.jsonl
2025-11-24 02:19:13,102 - src.crawler.scheduler_api - INFO -   ✓ 成功: 概述
2025-11-24 02:19:15,425 - src.crawler.scheduler_api - INFO - 
[50/161] 处理: /api/system/prompt/
2025-11-24 02:19:15,426 - src.crawler.api_crawler - INFO - 请求 HTML: https://developers-watch.vivo.com.cn/api/system/prompt?hastopwindow=1
2025-11-24 02:19:15,728 - src.crawler.storage - INFO - 保存页面数据: https://developers-watch.vivo.com.cn/api/system/prompt/ -> js-api.jsonl
2025-11-24 02:19:15,728 - src.crawler.scheduler_api - INFO -   ✓ 成功: 弹窗
2025-11-24 02:19:16,925 - src.crawler.scheduler_api - INFO - 
进度: 50/161 (31.1%) | 成功: 50 | 失败: 0 | 跳过: 0

2025-11-24 02:19:16,925 - src.crawler.scheduler_api - INFO - 
[51/161] 处理: /api/system/record/
2025-11-24 02:19:16,925 - src.crawler.api_crawler - INFO - 请求 HTML: https://developers-watch.vivo.com.cn/api/system/record?hastopwindow=1
2025-11-24 02:19:17,240 - src.crawler.storage - INFO - 保存页面数据: https://developers-watch.vivo.com.cn/api/system/record/ -> js-api.jsonl
2025-11-24 02:19:17,240 - src.crawler.scheduler_api - INFO -   ✓ 成功: 录音
2025-11-24 02:19:18,814 - src.crawler.scheduler_api - INFO - 
[52/161] 处理: /api/system/request/
2025-11-24 02:19:18,815 - src.crawler.api_crawler - INFO - 请求 HTML: https://developers-watch.vivo.com.cn/api/system/request?hastopwindow=1
2025-11-24 02:19:19,135 - src.crawler.storage - INFO - 保存页面数据: https://developers-watch.vivo.com.cn/api/system/request/ -> js-api.jsonl
2025-11-24 02:19:19,135 - src.crawler.scheduler_api - INFO -   ✓ 成功: 上传下载
2025-11-24 02:19:20,840 - src.crawler.scheduler_api - INFO - 
[53/161] 处理: /api/system/router/
2025-11-24 02:19:20,841 - src.crawler.api_crawler - INFO - 请求 HTML: https://developers-watch.vivo.com.cn/api/system/router?hastopwindow=1
2025-11-24 02:19:21,279 - src.crawler.storage - INFO - 保存页面数据: https://developers-watch.vivo.com.cn/api/system/router/ -> js-api.jsonl
2025-11-24 02:19:21,279 - src.crawler.scheduler_api - INFO -   ✓ 成功: 页面路由
2025-11-24 02:19:23,216 - src.crawler.scheduler_api - INFO - 
[54/161] 处理: /api/system/schedule/
2025-11-24 02:19:23,217 - src.crawler.api_crawler - INFO - 请求 HTML: https://developers-watch.vivo.com.cn/api/system/schedule?hastopwindow=1
2025-11-24 02:19:23,512 - src.crawler.storage - INFO - 保存页面数据: https://developers-watch.vivo.com.cn/api/system/schedule/ -> js-api.jsonl
2025-11-24 02:19:23,512 - src.crawler.scheduler_api - INFO -   ✓ 成功: 定时任务
2025-11-24 02:19:25,628 - src.crawler.scheduler_api - INFO - 
[55/161] 处理: /api/system/screen/
2025-11-24 02:19:25,629 - src.crawler.api_crawler - INFO - 请求 HTML: https://developers-watch.vivo.com.cn/api/system/screen?hastopwindow=1
2025-11-24 02:19:25,905 - src.crawler.storage - INFO - 保存页面数据: https://developers-watch.vivo.com.cn/api/system/screen/ -> js-api.jsonl
2025-11-24 02:19:25,905 - src.crawler.scheduler_api - INFO -   ✓ 成功: 屏幕管理
2025-11-24 02:19:28,473 - src.crawler.scheduler_api - INFO - 
[56/161] 处理: /api/system/sensor/
2025-11-24 02:19:28,474 - src.crawler.api_crawler - INFO - 请求 HTML: https://developers-watch.vivo.com.cn/api/system/sensor?hastopwindow=1
2025-11-24 02:19:28,859 - src.crawler.storage - INFO - 保存页面数据: https://developers-watch.vivo.com.cn/api/system/sensor/ -> js-api.jsonl
2025-11-24 02:19:28,860 - src.crawler.scheduler_api - INFO -   ✓ 成功: 传感器
